[[2021-09-07 18:48:26]] [INFO] master start grpc service
[[2021-09-07 18:48:26]] [INFO] start Master :/tmp/eoserver.master.sock
[[2021-09-07 18:48:26]] [INFO] 0.0.0.0:9400
[[2021-09-08 16:09:42]] [INFO] 0.0.0.0:9400
[[2021-09-08 16:09:42]] [INFO] master start grpc service
[[2021-09-08 16:09:42]] [INFO] start Master :/tmp/goku.master.sock
[2021-09-08 16:42:47] [INFO] new traffic
[2021-09-08 16:42:47] [WARN] get listen tcp not exit
[2021-09-08 16:42:47] [INFO] traffic add:tcp://[::]:9400
[2021-09-08 16:42:47] [INFO] master start grpc service
[2021-09-08 16:42:47] [INFO] start Master :/tmp/goku.master.sock
[2021-09-08 16:49:28] [INFO] new traffic
[2021-09-08 16:49:28] [WARN] get listen tcp not exit
[2021-09-08 16:49:28] [INFO] traffic add:tcp://[::]:9400
[2021-09-08 16:49:28] [INFO] master start grpc service
[2021-09-08 16:49:28] [INFO] start Master :/tmp/goku.master.sock
[2021-09-08 17:30:13] [INFO] host(172.17.0.1:9400) apply join the cluster
[2021-09-08 17:30:13] [INFO] change cluster mode
[2021-09-08 17:30:13] [INFO] loading WAL at term 0 and index 0
[2021-09-08 17:30:13] [INFO] eosc: failed to apply snapshot for raftStorage (requested index is older than the existing snapshot)
[2021-09-08 17:30:13] [INFO] change cluster mode successfully
